  Breakout.cpp
  Game.cpp
D:\vsprojects\Breakout\Breakout\src\Game.cpp(43,70): warning C4244: 'argument': conversion from 'float' to 'int', possible loss of data
D:\vsprojects\Breakout\Breakout\src\Game.cpp(43,56): warning C4244: 'argument': conversion from 'const float' to 'int', possible loss of data
D:\vsprojects\Breakout\Breakout\src\Game.cpp(44,70): warning C4244: 'argument': conversion from 'float' to 'int', possible loss of data
D:\vsprojects\Breakout\Breakout\src\Game.cpp(44,56): warning C4244: 'argument': conversion from 'const float' to 'int', possible loss of data
D:\vsprojects\Breakout\Breakout\src\Game.cpp(45,74): warning C4244: 'argument': conversion from 'float' to 'int', possible loss of data
D:\vsprojects\Breakout\Breakout\src\Game.cpp(45,60): warning C4244: 'argument': conversion from 'const float' to 'int', possible loss of data
D:\vsprojects\Breakout\Breakout\src\Game.cpp(46,72): warning C4244: 'argument': conversion from 'float' to 'int', possible loss of data
D:\vsprojects\Breakout\Breakout\src\Game.cpp(46,58): warning C4244: 'argument': conversion from 'const float' to 'int', possible loss of data
D:\vsprojects\Breakout\Breakout\src\Game.cpp(218,76): warning C4244: 'argument': conversion from 'float' to 'int', possible loss of data
D:\vsprojects\Breakout\Breakout\src\Game.cpp(218,62): warning C4244: 'argument': conversion from 'const float' to 'int', possible loss of data
D:\vsprojects\Breakout\Breakout\src\Game.cpp(221,76): warning C4244: 'argument': conversion from 'float' to 'int', possible loss of data
D:\vsprojects\Breakout\Breakout\src\Game.cpp(221,62): warning C4244: 'argument': conversion from 'const float' to 'int', possible loss of data
D:\vsprojects\Breakout\Breakout\src\Game.cpp(224,76): warning C4244: 'argument': conversion from 'float' to 'int', possible loss of data
D:\vsprojects\Breakout\Breakout\src\Game.cpp(224,62): warning C4244: 'argument': conversion from 'const float' to 'int', possible loss of data
D:\vsprojects\Breakout\Breakout\src\Game.cpp(227,76): warning C4244: 'argument': conversion from 'float' to 'int', possible loss of data
D:\vsprojects\Breakout\Breakout\src\Game.cpp(227,62): warning C4244: 'argument': conversion from 'const float' to 'int', possible loss of data
D:\vsprojects\Breakout\Breakout\src\Game.cpp(230,76): warning C4244: 'argument': conversion from 'float' to 'int', possible loss of data
D:\vsprojects\Breakout\Breakout\src\Game.cpp(230,62): warning C4244: 'argument': conversion from 'const float' to 'int', possible loss of data
  Generating Code...
  Breakout.vcxproj -> D:\vsprojects\Breakout\bin\x64\Debug\Breakout.exe
